<component name="libraryTable">
  <library name="junit:junit:5.4" type="repository">
    <properties maven-id="junit:junit:5.4" />
    <CLASSES>
      <root url="jar://$MAVEN_REPOSITORY$/junit/junit/5.4/junit-5.4.jar!/" />
      <root url="jar://$MAVEN_REPOSITORY$/org/hamcrest/hamcrest-core/1.3/hamcrest-core-1.3.jar!/" />
    </CLASSES>
    <JAVADOC />
    <SOURCES />
  </library>
</component>
